{"/Users/christian/Documents/GitHub/next-firebase-starter/config/jest/jest.setup.js": {"path":"/Users/christian/Documents/GitHub/next-firebase-starter/config/jest/jest.setup.js","statementMap":{"0":{"start":{"line":1,"column":15},"end":{"line":1,"column":32}},"1":{"start":{"line":2,"column":16},"end":{"line":2,"column":50}},"2":{"start":{"line":4,"column":0},"end":{"line":4,"column":42}}},"fnMap":{},"branchMap":{},"s":{"0":1,"1":1,"2":1},"f":{},"b":{},"_coverageSchema":"332fd63041d2c1bcb487cc26dd0d5f7d97098a6c","hash":"054c359a105c61f686df9e51b045d4f0883f726c"}
,"/Users/christian/Documents/GitHub/next-firebase-starter/src/app/components/Loader/StyledLoader.ts": {"path":"/Users/christian/Documents/GitHub/next-firebase-starter/src/app/components/Loader/StyledLoader.ts","statementMap":{"0":{"start":{"line":1,"column":0},"end":{"line":1,"column":37}},"1":{"start":{"line":3,"column":0},"end":{"line":5,"column":1}}},"fnMap":{},"branchMap":{},"s":{"0":1,"1":1},"f":{},"b":{}}
,"/Users/christian/Documents/GitHub/next-firebase-starter/src/app/components/Loader/index.tsx": {"path":"/Users/christian/Documents/GitHub/next-firebase-starter/src/app/components/Loader/index.tsx","statementMap":{"0":{"start":{"line":1,"column":0},"end":{"line":1,"column":29}},"1":{"start":{"line":3,"column":0},"end":{"line":3,"column":40}},"2":{"start":{"line":5,"column":16},"end":{"line":5,"column":28}},"3":{"start":{"line":7,"column":0},"end":{"line":13,"column":1}},"4":{"start":{"line":8,"column":2},"end":{"line":12,"column":19}}},"fnMap":{"0":{"name":"(anonymous_0)","decl":{"start":{"line":7,"column":15},"end":{"line":7,"column":17}},"loc":{"start":{"line":8,"column":2},"end":{"line":12,"column":19}}}},"branchMap":{},"s":{"0":1,"1":1,"2":1,"3":1,"4":4},"f":{"0":4},"b":{}}
}
