TN:
SF:/Users/christian/Documents/GitHub/next-firebase-starter/config/jest/jest.setup.js
FNF:0
FNH:0
DA:1,1
DA:2,1
DA:4,1
LF:3
LH:3
BRF:0
BRH:0
end_of_record
TN:
SF:/Users/christian/Documents/GitHub/next-firebase-starter/src/app/components/Loader/StyledLoader.ts
FNF:0
FNH:0
DA:1,1
DA:3,1
LF:2
LH:2
BRF:0
BRH:0
end_of_record
TN:
SF:/Users/christian/Documents/GitHub/next-firebase-starter/src/app/components/Loader/index.tsx
FN:7,(anonymous_0)
FNF:1
FNH:1
FNDA:4,(anonymous_0)
DA:1,1
DA:3,1
DA:5,1
DA:7,1
DA:8,4
LF:5
LH:5
BRF:0
BRH:0
end_of_record
